0 info it worked if it ends with ok
1 verbose cli [ 'D:\\Program Files\\nodejs\\node.exe',
1 verbose cli   'D:\\Program Files\\nodejs\\node_modules\\npm\\bin\\npm-cli.js',
1 verbose cli   'install',
1 verbose cli   '-g',
1 verbose cli   'n' ]
2 info using npm@2.15.1
3 info using node@v4.4.4
4 verbose install initial load of C:\Users\Auser\AppData\Roaming\npm\package.json
5 verbose readDependencies loading dependencies from C:\Users\Auser\AppData\Roaming\npm\package.json
6 silly cache add args [ 'n', null ]
7 verbose cache add spec n
8 silly cache add parsed spec Result {
8 silly cache add   raw: 'n',
8 silly cache add   scope: null,
8 silly cache add   name: 'n',
8 silly cache add   rawSpec: '',
8 silly cache add   spec: 'latest',
8 silly cache add   type: 'tag' }
9 silly addNamed n@latest
10 verbose addNamed "latest" is being treated as a dist-tag for n
11 info addNameTag [ 'n', 'latest' ]
12 silly mapToRegistry name n
13 silly mapToRegistry using default registry
14 silly mapToRegistry registry https://registry.npmjs.org/
15 silly mapToRegistry data Result {
15 silly mapToRegistry   raw: 'n',
15 silly mapToRegistry   scope: null,
15 silly mapToRegistry   name: 'n',
15 silly mapToRegistry   rawSpec: '',
15 silly mapToRegistry   spec: 'latest',
15 silly mapToRegistry   type: 'tag' }
16 silly mapToRegistry uri https://registry.npmjs.org/n
17 verbose addNameTag registry:https://registry.npmjs.org/n not in flight; fetching
18 verbose request uri https://registry.npmjs.org/n
19 verbose request no auth needed
20 info attempt registry request try #1 at 23:36:48
21 verbose request id dc031e6273aa9587
22 http request GET https://registry.npmjs.org/n
23 http 200 https://registry.npmjs.org/n
24 verbose headers { server: 'nginx/1.10.1',
24 verbose headers   'content-type': 'application/json',
24 verbose headers   'last-modified': 'Fri, 02 Jun 2017 14:26:51 GMT',
24 verbose headers   etag: 'W/"593175ab-10f3e"',
24 verbose headers   'content-encoding': 'gzip',
24 verbose headers   'cache-control': 'max-age=300',
24 verbose headers   'content-length': '11420',
24 verbose headers   'accept-ranges': 'bytes',
24 verbose headers   date: 'Sun, 04 Jun 2017 15:36:57 GMT',
24 verbose headers   via: '1.1 varnish',
24 verbose headers   age: '0',
24 verbose headers   connection: 'keep-alive',
24 verbose headers   'x-served-by': 'cache-nrt6132-NRT',
24 verbose headers   'x-cache': 'HIT',
24 verbose headers   'x-cache-hits': '1',
24 verbose headers   'x-timer': 'S1496590617.022762,VS0,VE409',
24 verbose headers   vary: 'Accept-Encoding' }
25 silly get cb [ 200,
25 silly get   { server: 'nginx/1.10.1',
25 silly get     'content-type': 'application/json',
25 silly get     'last-modified': 'Fri, 02 Jun 2017 14:26:51 GMT',
25 silly get     etag: 'W/"593175ab-10f3e"',
25 silly get     'content-encoding': 'gzip',
25 silly get     'cache-control': 'max-age=300',
25 silly get     'content-length': '11420',
25 silly get     'accept-ranges': 'bytes',
25 silly get     date: 'Sun, 04 Jun 2017 15:36:57 GMT',
25 silly get     via: '1.1 varnish',
25 silly get     age: '0',
25 silly get     connection: 'keep-alive',
25 silly get     'x-served-by': 'cache-nrt6132-NRT',
25 silly get     'x-cache': 'HIT',
25 silly get     'x-cache-hits': '1',
25 silly get     'x-timer': 'S1496590617.022762,VS0,VE409',
25 silly get     vary: 'Accept-Encoding' } ]
26 verbose get saving n to C:\Users\Auser\AppData\Roaming\npm-cache\registry.npmjs.org\n\.cache.json
27 verbose correctMkdir C:\Users\Auser\AppData\Roaming\npm-cache correctMkdir not in flight; initializing
28 silly addNameTag next cb for n with tag latest
29 silly addNamed n@2.1.7
30 verbose addNamed "2.1.7" is a plain semver version for n
31 silly mapToRegistry name n
32 silly mapToRegistry using default registry
33 silly mapToRegistry registry https://registry.npmjs.org/
34 silly mapToRegistry data Result {
34 silly mapToRegistry   raw: 'n',
34 silly mapToRegistry   scope: null,
34 silly mapToRegistry   name: 'n',
34 silly mapToRegistry   rawSpec: '',
34 silly mapToRegistry   spec: 'latest',
34 silly mapToRegistry   type: 'tag' }
35 silly mapToRegistry uri https://registry.npmjs.org/n
36 verbose addRemoteTarball https://registry.npmjs.org/n/-/n-2.1.7.tgz not in flight; adding
37 verbose addRemoteTarball [ 'https://registry.npmjs.org/n/-/n-2.1.7.tgz',
37 verbose addRemoteTarball   '13fe032a5bed0797983bddf27eb0606517c73c74' ]
38 info retry fetch attempt 1 at 23:36:55
39 info attempt registry request try #1 at 23:36:55
40 http fetch GET https://registry.npmjs.org/n/-/n-2.1.7.tgz
41 http fetch 200 https://registry.npmjs.org/n/-/n-2.1.7.tgz
42 silly fetchAndShaCheck shasum 13fe032a5bed0797983bddf27eb0606517c73c74
43 verbose addTmpTarball C:\Users\Auser\AppData\Local\Temp\npm-3692-3ce77efd\registry.npmjs.org\n\-\n-2.1.7.tgz not in flight; adding
44 verbose addTmpTarball already have metadata; skipping unpack for n@2.1.7
45 verbose correctMkdir C:\Users\Auser\AppData\Roaming\npm-cache correctMkdir not in flight; initializing
46 silly cache afterAdd n@2.1.7
47 verbose afterAdd C:\Users\Auser\AppData\Roaming\npm-cache\n\2.1.7\package\package.json not in flight; writing
48 verbose correctMkdir C:\Users\Auser\AppData\Roaming\npm-cache correctMkdir not in flight; initializing
49 verbose afterAdd C:\Users\Auser\AppData\Roaming\npm-cache\n\2.1.7\package\package.json written
50 silly install resolved [ { name: 'n',
50 silly install resolved     description: 'Interactively Manage All Your Node Versions',
50 silly install resolved     version: '2.1.7',
50 silly install resolved     author: { name: 'TJ Holowaychuk', email: 'tj@vision-media.ca' },
50 silly install resolved     homepage: 'https://github.com/tj/n',
50 silly install resolved     bugs: { url: 'https://github.com/tj/n/issues' },
50 silly install resolved     contributors: [ [Object], [Object], [Object] ],
50 silly install resolved     keywords:
50 silly install resolved      [ 'nvm',
50 silly install resolved        'node',
50 silly install resolved        'version',
50 silly install resolved        'manager',
50 silly install resolved        'switcher',
50 silly install resolved        'node',
50 silly install resolved        'binary',
50 silly install resolved        'env' ],
50 silly install resolved     bin: { n: './bin/n' },
50 silly install resolved     repository: { type: 'git', url: 'git://github.com/tj/n.git' },
50 silly install resolved     preferGlobal: true,
50 silly install resolved     os: [ '!win32' ],
50 silly install resolved     engines: { node: '*' },
50 silly install resolved     license: 'MIT',
50 silly install resolved     gitHead: 'bcec70577549a9a11d89d10284f8890f0debf6d6',
50 silly install resolved     _id: 'n@2.1.7',
50 silly install resolved     scripts: {},
50 silly install resolved     _shasum: '13fe032a5bed0797983bddf27eb0606517c73c74',
50 silly install resolved     _from: 'n@latest',
50 silly install resolved     _npmVersion: '4.4.1',
50 silly install resolved     _nodeVersion: '7.7.3',
50 silly install resolved     _npmUser: { name: 'troy0820', email: 'troy0820@gmail.com' },
50 silly install resolved     dist:
50 silly install resolved      { shasum: '13fe032a5bed0797983bddf27eb0606517c73c74',
50 silly install resolved        tarball: 'https://registry.npmjs.org/n/-/n-2.1.7.tgz' },
50 silly install resolved     maintainers: [ [Object], [Object], [Object], [Object], [Object], [Object] ],
50 silly install resolved     _npmOperationalInternal:
50 silly install resolved      { host: 'packages-12-west.internal.npmjs.com',
50 silly install resolved        tmp: 'tmp/n-2.1.7.tgz_1490918508873_0.5233936926815659' },
50 silly install resolved     directories: {},
50 silly install resolved     _resolved: 'https://registry.npmjs.org/n/-/n-2.1.7.tgz' } ]
51 info install n@2.1.7 into C:\Users\Auser\AppData\Roaming\npm
52 info installOne n@2.1.7
53 verbose installOne of n to C:\Users\Auser\AppData\Roaming\npm not in flight; installing
54 verbose correctMkdir C:\Users\Auser\AppData\Roaming\npm-cache\_locks correctMkdir not in flight; initializing
55 verbose lock using C:\Users\Auser\AppData\Roaming\npm-cache\_locks\n-0b36aec1671326e5.lock for C:\Users\Auser\AppData\Roaming\npm\node_modules\n
56 verbose unlock done using C:\Users\Auser\AppData\Roaming\npm-cache\_locks\n-0b36aec1671326e5.lock for C:\Users\Auser\AppData\Roaming\npm\node_modules\n
57 verbose stack Error: Unsupported
57 verbose stack     at checkPlatform (D:\Program Files\nodejs\node_modules\npm\node_modules\npm-install-checks\index.js:47:14)
57 verbose stack     at Array.<anonymous> (D:\Program Files\nodejs\node_modules\npm\node_modules\slide\lib\bind-actor.js:15:8)
57 verbose stack     at LOOP (D:\Program Files\nodejs\node_modules\npm\node_modules\slide\lib\chain.js:15:14)
57 verbose stack     at D:\Program Files\nodejs\node_modules\npm\node_modules\slide\lib\chain.js:18:7
57 verbose stack     at checkEngine (D:\Program Files\nodejs\node_modules\npm\node_modules\npm-install-checks\index.js:26:10)
57 verbose stack     at Array.<anonymous> (D:\Program Files\nodejs\node_modules\npm\node_modules\slide\lib\bind-actor.js:15:8)
57 verbose stack     at LOOP (D:\Program Files\nodejs\node_modules\npm\node_modules\slide\lib\chain.js:15:14)
57 verbose stack     at chain (D:\Program Files\nodejs\node_modules\npm\node_modules\slide\lib\chain.js:20:5)
57 verbose stack     at D:\Program Files\nodejs\node_modules\npm\lib\install.js:1038:5
57 verbose stack     at D:\Program Files\nodejs\node_modules\npm\lib\utils\locker.js:39:7
58 verbose pkgid n@2.1.7
59 verbose cwd E:\work\github-src\qee-wong.github.io
60 error Windows_NT 6.1.7601
61 error argv "D:\\Program Files\\nodejs\\node.exe" "D:\\Program Files\\nodejs\\node_modules\\npm\\bin\\npm-cli.js" "install" "-g" "n"
62 error node v4.4.4
63 error npm  v2.15.1
64 error code EBADPLATFORM
65 error notsup Unsupported
65 error notsup Not compatible with your operating system or architecture: n@2.1.7
65 error notsup Valid OS:    !win32
65 error notsup Valid Arch:  any
65 error notsup Actual OS:   win32
65 error notsup Actual Arch: x64
66 verbose exit [ 1, true ]
